<?xml version="1.0" encoding="UTF-8"?>
<testsuite name="com.HamzaLambara.calculator.CalculatorApplicationTests" tests="1" skipped="0" failures="0" errors="0" timestamp="2023-12-08T09:17:45" hostname="narjis" time="5.865">
  <properties/>
  <testcase name="contextLoads()" classname="com.HamzaLambara.calculator.CalculatorApplicationTests" time="5.865"/>
  <system-out><![CDATA[04:17:24.745 [Test worker] INFO org.springframework.test.context.support.AnnotationConfigContextLoaderUtils -- Could not detect default configuration classes for test class [com.HamzaLambara.calculator.CalculatorApplicationTests]: CalculatorApplicationTests does not declare any static, non-private, non-final, nested classes annotated with @Configuration.
04:17:26.348 [Test worker] INFO org.springframework.boot.test.context.SpringBootTestContextBootstrapper -- Found @SpringBootConfiguration com.HamzaLambara.calculator.CalculatorApplication for test class com.HamzaLambara.calculator.CalculatorApplicationTests

  .   ____          _            __ _ _
 /\\ / ___'_ __ _ _(_)_ __  __ _ \ \ \ \
( ( )\___ | '_ | '_| | '_ \/ _` | \ \ \ \
 \\/  ___)| |_)| | | | | || (_| |  ) ) ) )
  '  |____| .__|_| |_|_| |_\__, | / / / /
 =========|_|==============|___/=/_/_/_/
 :: Spring Boot ::                (v3.2.0)

2023-12-08T04:17:31.741-05:00  INFO 15302 --- [    Test worker] c.H.c.CalculatorApplicationTests         : Starting CalculatorApplicationTests using Java 17.0.9 with PID 15302 (started by narjis in /home/narjis/acceptance)
2023-12-08T04:17:31.791-05:00  INFO 15302 --- [    Test worker] c.H.c.CalculatorApplicationTests         : No active profile set, falling back to 1 default profile: "default"
2023-12-08T04:17:45.884-05:00  INFO 15302 --- [    Test worker] c.H.c.CalculatorApplicationTests         : Started CalculatorApplicationTests in 17.185 seconds (process running for 34.481)
]]></system-out>
  <system-err><![CDATA[]]></system-err>
</testsuite>
